2026-02-28 21:15:13,732 [INFO] 財報資料表初始化完成
2026-02-28 21:15:14,273 [ERROR] Failed to get ticker '6442.TWO' reason: Expecting value: line 1 column 1 (char 0)
2026-02-28 21:15:14,572 [ERROR] 
1 Failed download:
2026-02-28 21:15:14,572 [ERROR] ['6442.TWO']: JSONDecodeError('Expecting value: line 1 column 1 (char 0)')
2026-02-28 21:44:31,495 [INFO] 財報資料表初始化完成
2026-02-28 21:44:31,495 [INFO] 正在抓取上市與上櫃股票清單...
2026-02-28 21:44:31,691 [WARNING] The msedgedriver version (144.0.3719.82) detected in PATH at E:\webbug\msedgedriver.exe might not be compatible with the detected MicrosoftEdge version (145.0.3800.70); currently, msedgedriver 145.0.3800.82 is recommended for MicrosoftEdge 145.*, so it is advised to delete the driver in PATH and retry
2026-02-28 21:44:49,330 [INFO] 成功取得上市股票清單，共 1080 支
2026-02-28 21:44:49,401 [WARNING] The msedgedriver version (144.0.3719.82) detected in PATH at E:\webbug\msedgedriver.exe might not be compatible with the detected MicrosoftEdge version (145.0.3800.70); currently, msedgedriver 145.0.3800.82 is recommended for MicrosoftEdge 145.*, so it is advised to delete the driver in PATH and retry
2026-02-28 21:45:01,364 [INFO] 成功取得上櫃股票清單，共 879 支
2026-03-29 09:24:18,961 [INFO] 財報資料表初始化完成
2026-03-29 09:24:54,397 [INFO] 單一更新 2330.TW: 偵測到最後日期 2026-03-27，從 2026-03-28 開始抓取
2026-03-29 09:24:54,563 [ERROR] 
1 Failed download:
2026-03-29 09:24:54,563 [ERROR] ['2330.TW']: YFRateLimitError('Too Many Requests. Rate limited. Try after a while.')
2026-03-29 09:24:56,045 [INFO] YahooQuery Fallback Success for ['2330.TW']
2026-03-29 09:24:56,216 [INFO] 成功更新 stock_cost
2026-03-29 09:24:56,217 [INFO] 單一更新 2330.TW 成功上傳 1 筆資料
2026-03-29 10:16:24,551 [INFO] 財報資料表初始化完成
2026-03-29 10:19:27,237 [INFO] 單一更新 AAPL: 偵測到最後日期 2026-03-26，從 2026-03-27 開始抓取
2026-03-29 10:19:27,393 [ERROR] 
1 Failed download:
2026-03-29 10:19:27,393 [ERROR] ['AAPL']: YFRateLimitError('Too Many Requests. Rate limited. Try after a while.')
2026-03-29 10:19:29,056 [INFO] YahooQuery Fallback Success for ['AAPL']
2026-03-29 10:19:29,212 [INFO] 成功更新 stock_cost_us
2026-03-29 10:19:29,212 [INFO] 單一更新 AAPL 成功上傳 1 筆資料
2026-04-12 09:00:42,095 [WARNING] From C:\Users\許廷宇\AppData\Roaming\Python\Python311\site-packages\tf_keras\src\losses.py:2976: The name tf.losses.sparse_softmax_cross_entropy is deprecated. Please use tf.compat.v1.losses.sparse_softmax_cross_entropy instead.

2026-04-12 09:00:43,028 [WARNING] From C:\Users\許廷宇\AppData\Roaming\Python\Python311\site-packages\ckiptagger\api.py:11: The name tf.logging.set_verbosity is deprecated. Please use tf.compat.v1.logging.set_verbosity instead.

2026-04-12 09:00:43,035 [INFO] 正在從 E:/Infinity/webbug/final_model_stock_news_BERT_1k 載入 BERT 模型 (設備: cpu)...
2026-04-12 09:00:43,858 [INFO] 正在載入 CKIP Tagger 模型...
2026-04-12 09:01:14,076 [INFO] NLP 服務初始化完成。
2026-04-12 09:03:10,727 [INFO] 已輪替 User-Agent: Mozilla/5.0 (Macintosh; Intel ...
2026-04-12 09:03:33,682 [INFO] AI Prediction Cache Miss for 2330.TW. Running model inference...
2026-04-12 09:04:43,849 [INFO] Training Incremental Model for 2330.TW...
2026-04-12 09:04:48,537 [INFO] Saved optimized weights to E:/Infinity/mydjango/demo/stock_Django/stock_model\stock_model_weights_2330.weights.h5
2026-04-12 09:05:02,528 [INFO] Successfully loaded 4044 financial items from local MySQL for 2330
2026-04-12 09:05:02,600 [INFO] Successfully loaded 4044 financial items from local MySQL for 2330
2026-04-12 09:05:02,673 [INFO] Successfully loaded 4044 financial items from local MySQL for 2330
2026-04-12 09:05:09,746 [INFO] Fetching WACC market data for 2330 from local DB...
2026-04-12 09:05:20,864 [INFO] Successfully loaded 4044 financial items from local MySQL for 2330
2026-04-12 09:05:20,915 [INFO] Successfully loaded 4044 financial items from local MySQL for 2330
2026-04-12 09:05:20,974 [INFO] Successfully loaded 4044 financial items from local MySQL for 2330
2026-04-12 09:05:21,023 [INFO] Successfully loaded 4044 financial items from local MySQL for 2330
2026-04-12 09:16:29,122 [INFO] Successfully loaded 4044 financial items from local MySQL for 2330
2026-04-12 09:16:29,170 [INFO] Successfully loaded 4044 financial items from local MySQL for 2330
2026-04-12 09:16:29,218 [INFO] Successfully loaded 4044 financial items from local MySQL for 2330
2026-04-12 09:16:35,856 [INFO] Fetching WACC market data for 2330 from local DB...
2026-04-12 09:16:42,855 [INFO] Successfully loaded 4044 financial items from local MySQL for 2330
2026-04-12 09:16:42,905 [INFO] Successfully loaded 4044 financial items from local MySQL for 2330
2026-04-12 09:16:42,955 [INFO] Successfully loaded 4044 financial items from local MySQL for 2330
2026-04-12 09:16:43,006 [INFO] Successfully loaded 4044 financial items from local MySQL for 2330
2026-04-12 09:23:12,608 [INFO] [CnyesScraper] Fetching news for 2330 (tw): https://www.cnyes.com/search/news?keyword=2330, limit: 1000
2026-04-12 09:26:41,835 [INFO] 開始抓取 663 篇新聞的詳細內容...
2026-04-12 11:28:38,055 [WARNING] From C:\Users\許廷宇\AppData\Roaming\Python\Python311\site-packages\tf_keras\src\losses.py:2976: The name tf.losses.sparse_softmax_cross_entropy is deprecated. Please use tf.compat.v1.losses.sparse_softmax_cross_entropy instead.

2026-04-12 11:28:38,799 [WARNING] From C:\Users\許廷宇\AppData\Roaming\Python\Python311\site-packages\ckiptagger\api.py:11: The name tf.logging.set_verbosity is deprecated. Please use tf.compat.v1.logging.set_verbosity instead.

2026-04-12 11:28:38,804 [INFO] 正在從 E:/Infinity/webbug/final_model_stock_news_BERT_1k 載入 BERT 模型 (設備: cpu)...
2026-04-12 11:28:39,105 [INFO] 正在載入 CKIP Tagger 模型...
2026-04-12 11:28:46,865 [INFO] NLP 服務初始化完成。
2026-04-12 11:30:33,269 [INFO] 已輪替 User-Agent: Mozilla/5.0 (Macintosh; Intel ...
2026-04-12 11:31:10,907 [INFO] Successfully loaded 4044 financial items from local MySQL for 2330
2026-04-12 11:31:10,978 [INFO] Successfully loaded 4044 financial items from local MySQL for 2330
2026-04-12 11:31:11,039 [INFO] Successfully loaded 4044 financial items from local MySQL for 2330
2026-04-12 11:31:18,192 [INFO] Fetching WACC market data for 2330 from local DB...
2026-04-12 11:31:25,383 [INFO] Successfully loaded 4044 financial items from local MySQL for 2330
2026-04-12 11:31:25,434 [INFO] Successfully loaded 4044 financial items from local MySQL for 2330
2026-04-12 11:31:25,511 [INFO] Successfully loaded 4044 financial items from local MySQL for 2330
2026-04-12 11:31:25,583 [INFO] Successfully loaded 4044 financial items from local MySQL for 2330
2026-04-12 11:32:16,886 [INFO] Successfully loaded 4044 financial items from local MySQL for 2330
2026-04-12 11:32:16,927 [INFO] Successfully loaded 4044 financial items from local MySQL for 2330
2026-04-12 11:32:16,982 [INFO] Successfully loaded 4044 financial items from local MySQL for 2330
2026-04-12 11:32:24,120 [INFO] Fetching WACC market data for 2330 from local DB...
2026-04-12 11:32:31,532 [INFO] Successfully loaded 4044 financial items from local MySQL for 2330
2026-04-12 11:32:31,581 [INFO] Successfully loaded 4044 financial items from local MySQL for 2330
2026-04-12 11:32:31,633 [INFO] Successfully loaded 4044 financial items from local MySQL for 2330
2026-04-12 11:32:31,683 [INFO] Successfully loaded 4044 financial items from local MySQL for 2330
2026-04-12 11:34:11,450 [INFO] Successfully loaded 4044 financial items from local MySQL for 2330
2026-04-12 11:34:11,498 [INFO] Successfully loaded 4044 financial items from local MySQL for 2330
2026-04-12 11:34:11,543 [INFO] Successfully loaded 4044 financial items from local MySQL for 2330
2026-04-12 11:34:18,820 [INFO] Fetching WACC market data for 2330 from local DB...
2026-04-12 11:34:25,485 [INFO] Successfully loaded 4044 financial items from local MySQL for 2330
2026-04-12 11:34:25,530 [INFO] Successfully loaded 4044 financial items from local MySQL for 2330
2026-04-12 11:34:25,575 [INFO] Successfully loaded 4044 financial items from local MySQL for 2330
2026-04-12 11:34:25,618 [INFO] Successfully loaded 4044 financial items from local MySQL for 2330
2026-04-12 11:38:33,614 [INFO] Successfully loaded 4044 financial items from local MySQL for 2330
2026-04-12 11:38:33,666 [INFO] Successfully loaded 4044 financial items from local MySQL for 2330
2026-04-12 11:38:33,717 [INFO] Successfully loaded 4044 financial items from local MySQL for 2330
2026-04-12 11:38:40,928 [INFO] Fetching WACC market data for 2330 from local DB...
2026-04-12 11:38:48,253 [INFO] Successfully loaded 4044 financial items from local MySQL for 2330
2026-04-12 11:38:48,303 [INFO] Successfully loaded 4044 financial items from local MySQL for 2330
2026-04-12 11:38:48,351 [INFO] Successfully loaded 4044 financial items from local MySQL for 2330
2026-04-12 11:38:48,403 [INFO] Successfully loaded 4044 financial items from local MySQL for 2330
2026-04-12 11:40:00,101 [INFO] Successfully loaded 4044 financial items from local MySQL for 2330
2026-04-12 11:40:00,153 [INFO] Successfully loaded 4044 financial items from local MySQL for 2330
2026-04-12 11:40:00,208 [INFO] Successfully loaded 4044 financial items from local MySQL for 2330
2026-04-12 11:40:07,353 [INFO] Fetching WACC market data for 2330 from local DB...
2026-04-12 11:40:14,805 [INFO] Successfully loaded 4044 financial items from local MySQL for 2330
2026-04-12 11:40:14,878 [INFO] Successfully loaded 4044 financial items from local MySQL for 2330
2026-04-12 11:40:14,956 [INFO] Successfully loaded 4044 financial items from local MySQL for 2330
2026-04-12 11:40:15,030 [INFO] Successfully loaded 4044 financial items from local MySQL for 2330
2026-04-12 12:07:50,632 [WARNING] From C:\Users\許廷宇\AppData\Roaming\Python\Python311\site-packages\tf_keras\src\losses.py:2976: The name tf.losses.sparse_softmax_cross_entropy is deprecated. Please use tf.compat.v1.losses.sparse_softmax_cross_entropy instead.

2026-04-12 12:07:51,275 [WARNING] From C:\Users\許廷宇\AppData\Roaming\Python\Python311\site-packages\ckiptagger\api.py:11: The name tf.logging.set_verbosity is deprecated. Please use tf.compat.v1.logging.set_verbosity instead.

2026-04-12 12:07:51,278 [INFO] 正在從 E:/Infinity/webbug/final_model_stock_news_BERT_1k 載入 BERT 模型 (設備: cpu)...
2026-04-12 12:07:51,544 [INFO] 正在載入 CKIP Tagger 模型...
2026-04-12 12:07:59,194 [INFO] NLP 服務初始化完成。
2026-04-12 12:21:24,022 [INFO] 已輪替 User-Agent: Mozilla/5.0 (Windows NT 10.0; ...
2026-04-12 12:21:50,321 [INFO] [Freshness] 6442.TW data needs refresh: OHLCV stale (last: 2026-03-31). Triggering background refresh.
2026-04-12 12:21:50,326 [INFO] AI Prediction Cache Miss for 6442.TW. Running model inference...
2026-04-12 12:22:29,737 [INFO] 單一更新 6442.TW: 偵測到最後日期 2026-03-31，從 2026-04-01 開始抓取
2026-04-12 12:22:33,079 [INFO] 成功更新 stock_cost
2026-04-12 12:22:33,080 [INFO] 單一更新 6442.TW 成功上傳 6 筆資料
2026-04-12 12:22:36,645 [INFO] 所有程序執行完畢。
2026-04-12 12:22:58,603 [ERROR] AI Model Inference failed for 6442.TW: Could not interpret optimizer identifier: <tf_keras.src.optimizers.adam.Adam object at 0x0000010D30071C10>
2026-04-12 12:23:10,070 [INFO] Successfully loaded 1495 financial items from local MySQL for 6442
2026-04-12 12:23:10,093 [INFO] Successfully loaded 1495 financial items from local MySQL for 6442
2026-04-12 12:23:10,116 [INFO] Successfully loaded 1495 financial items from local MySQL for 6442
2026-04-12 12:23:16,305 [INFO] Fetching WACC market data for 6442 from local DB...
2026-04-12 12:23:22,404 [INFO] Successfully loaded 1495 financial items from local MySQL for 6442
2026-04-12 12:23:22,429 [INFO] Successfully loaded 1495 financial items from local MySQL for 6442
2026-04-12 12:23:22,458 [INFO] Successfully loaded 1495 financial items from local MySQL for 6442
2026-04-12 12:23:22,483 [INFO] Successfully loaded 1495 financial items from local MySQL for 6442
2026-04-12 13:32:04,771 [INFO] [Freshness] 3491.TWO data needs refresh: OHLCV stale (last: 2026-03-27). Triggering background refresh.
2026-04-12 13:32:04,775 [INFO] AI Prediction Cache Miss for 3491.TWO. Running model inference...
2026-04-12 13:32:20,536 [ERROR] AI Model Inference failed for 3491.TWO: Could not interpret optimizer identifier: <tf_keras.src.optimizers.adam.Adam object at 0x0000010D303ABBD0>
2026-04-12 13:32:35,283 [INFO] Data for 3491O (tw) is stale or incomplete (Latest: 0, Count: 0, Target: 20254). Updating...
2026-04-12 13:32:35,403 [INFO] Incomplete TW stock data detected: 3491O (Count: 0). Fetching history...
2026-04-12 13:32:42,823 [INFO] Scraping 3491O 2023Q1 IS...
2026-04-12 13:32:44,932 [INFO] 單一更新 3491.TWO: 偵測到最後日期 2026-03-27，從 2026-03-28 開始抓取
2026-04-12 13:32:45,353 [INFO] 成功更新 stock_cost
2026-04-12 13:32:45,353 [INFO] 單一更新 3491.TWO 成功上傳 8 筆資料
2026-04-12 13:32:48,923 [INFO] 所有程序執行完畢。
2026-04-12 13:32:48,930 [INFO] Data for 3491O (tw) is stale or incomplete (Latest: 0, Count: 0, Target: 20254). Updating...
2026-04-12 13:32:48,930 [INFO] Incomplete TW stock data detected: 3491O (Count: 0). Fetching history...
2026-04-12 13:32:49,550 [INFO] Scraping 3491O 2023Q1 IS...
2026-04-12 13:32:58,996 [INFO] Scraping 3491O 2023Q1 BS...
2026-04-12 13:33:05,888 [INFO] Scraping 3491O 2023Q1 BS...
2026-04-12 13:33:15,135 [INFO] Scraping 3491O 2023Q1 CF...
2026-04-12 13:33:18,927 [WARNING] Financial data refresh timed out for 3491.TWO
2026-04-12 13:33:21,939 [INFO] Scraping 3491O 2023Q1 CF...
2026-04-12 13:33:31,381 [INFO] Scraping 3491O 2023Q2 IS...
2026-04-12 13:33:38,157 [INFO] Scraping 3491O 2023Q2 IS...
2026-04-12 13:33:47,523 [INFO] Scraping 3491O 2023Q2 BS...
2026-04-12 13:33:54,330 [INFO] Scraping 3491O 2023Q2 BS...
2026-04-12 13:34:03,625 [INFO] Scraping 3491O 2023Q2 CF...
2026-04-12 13:34:10,158 [INFO] Scraping 3491O 2023Q2 CF...
2026-04-12 13:34:19,493 [INFO] Scraping 3491O 2023Q3 IS...
2026-04-12 13:34:26,327 [INFO] Scraping 3491O 2023Q3 IS...
2026-04-12 13:34:35,193 [INFO] Scraping 3491O 2023Q3 BS...
2026-04-12 13:34:42,361 [INFO] Scraping 3491O 2023Q3 BS...
2026-04-12 13:34:51,065 [INFO] Scraping 3491O 2023Q3 CF...
2026-04-12 13:34:58,210 [INFO] Scraping 3491O 2023Q3 CF...
2026-04-12 13:35:07,089 [INFO] Scraping 3491O 2023Q4 IS...
2026-04-12 13:35:14,314 [INFO] Scraping 3491O 2023Q4 IS...
2026-04-12 13:35:23,222 [INFO] Scraping 3491O 2023Q4 BS...
2026-04-12 13:35:30,293 [INFO] Scraping 3491O 2023Q4 BS...
2026-04-12 13:35:39,130 [INFO] Scraping 3491O 2023Q4 CF...
2026-04-12 13:35:46,206 [INFO] Scraping 3491O 2023Q4 CF...
2026-04-12 13:35:54,877 [INFO] Scraping 3491O 2024Q1 IS...
2026-04-12 13:36:02,155 [INFO] Scraping 3491O 2024Q1 IS...
2026-04-12 13:36:10,611 [INFO] Scraping 3491O 2024Q1 BS...
2026-04-12 13:36:18,063 [INFO] Scraping 3491O 2024Q1 BS...
2026-04-12 13:36:26,711 [INFO] Scraping 3491O 2024Q1 CF...
2026-04-12 13:36:33,989 [INFO] Scraping 3491O 2024Q1 CF...
2026-04-12 13:36:42,723 [INFO] Scraping 3491O 2024Q2 IS...
2026-04-12 13:36:49,713 [INFO] Scraping 3491O 2024Q2 IS...
2026-04-12 13:36:58,490 [INFO] Scraping 3491O 2024Q2 BS...
2026-04-12 13:37:05,507 [INFO] Scraping 3491O 2024Q2 BS...
2026-04-12 13:37:14,595 [INFO] Scraping 3491O 2024Q2 CF...
2026-04-12 13:37:21,360 [INFO] Scraping 3491O 2024Q2 CF...
2026-04-12 13:37:30,695 [INFO] Scraping 3491O 2024Q3 IS...
2026-04-12 13:37:37,353 [INFO] Scraping 3491O 2024Q3 IS...
2026-04-12 13:37:46,729 [INFO] Scraping 3491O 2024Q3 BS...
2026-04-12 13:37:53,399 [INFO] Scraping 3491O 2024Q3 BS...
2026-04-12 13:38:02,718 [INFO] Scraping 3491O 2024Q3 CF...
2026-04-12 13:38:09,608 [INFO] Scraping 3491O 2024Q3 CF...
2026-04-12 13:38:18,627 [INFO] Scraping 3491O 2024Q4 IS...
2026-04-12 13:38:25,348 [INFO] Scraping 3491O 2024Q4 IS...
2026-04-12 13:38:34,840 [INFO] Scraping 3491O 2024Q4 BS...
2026-04-12 13:38:41,328 [INFO] Scraping 3491O 2024Q4 BS...
2026-04-12 13:38:50,707 [INFO] Scraping 3491O 2024Q4 CF...
2026-04-12 13:38:57,253 [INFO] Scraping 3491O 2024Q4 CF...
2026-04-12 13:39:06,775 [INFO] Scraping 3491O 2025Q1 IS...
2026-04-12 13:39:13,181 [INFO] Scraping 3491O 2025Q1 IS...
2026-04-12 13:39:22,623 [INFO] Scraping 3491O 2025Q1 BS...
2026-04-12 13:39:29,201 [INFO] Scraping 3491O 2025Q1 BS...
2026-04-12 13:39:38,466 [INFO] Scraping 3491O 2025Q1 CF...
2026-04-12 13:39:45,382 [INFO] Scraping 3491O 2025Q1 CF...
2026-04-12 13:39:54,327 [INFO] Scraping 3491O 2025Q2 IS...
2026-04-12 13:40:01,112 [INFO] Scraping 3491O 2025Q2 IS...
2026-04-12 13:40:10,295 [INFO] Scraping 3491O 2025Q2 BS...
2026-04-12 13:40:17,264 [INFO] Scraping 3491O 2025Q2 BS...
2026-04-12 13:40:26,442 [INFO] Scraping 3491O 2025Q2 CF...
2026-04-12 13:40:33,414 [INFO] Scraping 3491O 2025Q2 CF...
2026-04-12 13:40:42,267 [INFO] Scraping 3491O 2025Q3 IS...
2026-04-12 13:40:49,276 [INFO] Scraping 3491O 2025Q3 IS...
2026-04-12 13:40:58,253 [INFO] Scraping 3491O 2025Q3 BS...
2026-04-12 13:41:05,416 [INFO] Scraping 3491O 2025Q3 BS...
2026-04-12 13:41:14,118 [INFO] Scraping 3491O 2025Q3 CF...
2026-04-12 13:41:21,551 [INFO] Scraping 3491O 2025Q3 CF...
2026-04-12 13:41:30,412 [INFO] Scraping 3491O 2025Q4 IS...
2026-04-12 13:41:37,315 [INFO] Scraping 3491O 2025Q4 IS...
2026-04-12 13:41:46,398 [INFO] Scraping 3491O 2025Q4 BS...
2026-04-12 13:41:53,309 [INFO] Scraping 3491O 2025Q4 BS...
2026-04-12 13:42:02,296 [INFO] Scraping 3491O 2025Q4 CF...
2026-04-12 13:42:09,231 [INFO] Scraping 3491O 2025Q4 CF...
2026-04-12 13:42:18,504 [ERROR] No financial data found in local MySQL for 3491O. Please run the scraper first.
2026-04-12 13:42:21,258 [INFO] [Auto-Refresh] Triggered background update for 3491.TWO due to incomplete TTM data.
2026-04-12 13:42:54,094 [INFO] 單一更新 3491.TWO: 偵測到最後日期 2026-04-10，從 2026-04-11 開始抓取
2026-04-12 13:42:54,392 [INFO] 成功更新 stock_cost
2026-04-12 13:42:54,392 [INFO] 單一更新 3491.TWO 成功上傳 1 筆資料
2026-04-12 13:42:57,646 [INFO] 所有程序執行完畢。
2026-04-12 13:42:57,651 [INFO] Data for 3491O (tw) is stale or incomplete (Latest: 0, Count: 0, Target: 20254). Updating...
2026-04-12 13:42:57,651 [INFO] Incomplete TW stock data detected: 3491O (Count: 0). Fetching history...
2026-04-12 13:42:58,240 [INFO] Scraping 3491O 2023Q1 IS...
2026-04-12 13:43:14,623 [INFO] Scraping 3491O 2023Q1 BS...
2026-04-12 13:43:27,646 [WARNING] Financial data refresh timed out for 3491.TWO
2026-04-12 13:43:30,752 [INFO] Scraping 3491O 2023Q1 CF...
2026-04-12 13:43:46,790 [INFO] Scraping 3491O 2023Q2 IS...
2026-04-12 13:44:02,830 [INFO] Scraping 3491O 2023Q2 BS...
2026-04-12 13:44:19,020 [INFO] Scraping 3491O 2023Q2 CF...
2026-04-12 13:44:34,908 [INFO] Scraping 3491O 2023Q3 IS...
2026-04-12 13:44:50,875 [INFO] Scraping 3491O 2023Q3 BS...
2026-04-12 13:45:06,947 [INFO] Scraping 3491O 2023Q3 CF...
2026-04-12 13:45:22,889 [INFO] Scraping 3491O 2023Q4 IS...
2026-04-12 13:45:38,680 [INFO] Scraping 3491O 2023Q4 BS...
2026-04-12 13:45:54,561 [INFO] Scraping 3491O 2023Q4 CF...
2026-04-12 13:46:10,512 [INFO] Scraping 3491O 2024Q1 IS...
2026-04-12 13:46:26,283 [INFO] Scraping 3491O 2024Q1 BS...
2026-04-12 13:46:42,460 [INFO] Scraping 3491O 2024Q1 CF...
2026-04-12 13:46:58,408 [INFO] Scraping 3491O 2024Q2 IS...
2026-04-12 13:47:14,386 [INFO] Scraping 3491O 2024Q2 BS...
2026-04-12 13:47:30,468 [INFO] Scraping 3491O 2024Q2 CF...
2026-04-12 13:47:46,315 [INFO] Scraping 3491O 2024Q3 IS...
2026-04-12 13:48:02,255 [INFO] Scraping 3491O 2024Q3 BS...
2026-04-12 13:48:17,942 [INFO] Scraping 3491O 2024Q3 CF...
2026-04-12 13:48:33,961 [INFO] Scraping 3491O 2024Q4 IS...
2026-04-12 13:48:50,058 [INFO] Scraping 3491O 2024Q4 BS...
2026-04-12 13:49:06,244 [INFO] Scraping 3491O 2024Q4 CF...
2026-04-12 13:49:22,105 [INFO] Scraping 3491O 2025Q1 IS...
2026-04-12 13:49:38,058 [INFO] Scraping 3491O 2025Q1 BS...
2026-04-12 13:49:53,825 [INFO] Scraping 3491O 2025Q1 CF...
2026-04-12 13:50:09,501 [INFO] Scraping 3491O 2025Q2 IS...
2026-04-12 13:50:25,207 [INFO] Scraping 3491O 2025Q2 BS...
2026-04-12 13:50:41,064 [INFO] Scraping 3491O 2025Q2 CF...
2026-04-12 13:50:56,932 [INFO] Scraping 3491O 2025Q3 IS...
2026-04-12 13:51:12,726 [INFO] Scraping 3491O 2025Q3 BS...
2026-04-12 13:51:28,781 [INFO] Scraping 3491O 2025Q3 CF...
2026-04-12 13:51:44,680 [INFO] Scraping 3491O 2025Q4 IS...
2026-04-12 13:52:00,452 [INFO] Scraping 3491O 2025Q4 BS...
2026-04-12 13:52:16,564 [INFO] Scraping 3491O 2025Q4 CF...
2026-04-12 14:00:26,879 [INFO] AI Prediction Cache Miss for 3491.TWO. Running model inference...
2026-04-12 14:00:42,679 [ERROR] AI Model Inference failed for 3491.TWO: Could not interpret optimizer identifier: <tf_keras.src.optimizers.adam.Adam object at 0x0000010D30074550>
2026-04-12 14:00:56,637 [INFO] Data for 3491O (tw) is stale or incomplete (Latest: 0, Count: 0, Target: 20254). Updating...
2026-04-12 14:00:56,638 [INFO] Incomplete TW stock data detected: 3491O (Count: 0). Fetching history...
2026-04-12 14:00:57,272 [INFO] Scraping 3491O 2023Q1 IS...
2026-04-12 14:01:13,673 [INFO] Scraping 3491O 2023Q1 BS...
2026-04-12 14:01:29,675 [INFO] Scraping 3491O 2023Q1 CF...
2026-04-12 14:01:45,684 [INFO] Scraping 3491O 2023Q2 IS...
2026-04-12 14:02:01,784 [INFO] Scraping 3491O 2023Q2 BS...
2026-04-12 14:02:17,743 [INFO] Scraping 3491O 2023Q2 CF...
2026-04-12 14:02:33,909 [INFO] Scraping 3491O 2023Q3 IS...
2026-04-12 14:02:49,808 [INFO] Scraping 3491O 2023Q3 BS...
2026-04-12 14:03:05,625 [INFO] Scraping 3491O 2023Q3 CF...
2026-04-12 14:03:21,370 [INFO] Scraping 3491O 2023Q4 IS...
2026-04-12 14:03:37,337 [INFO] Scraping 3491O 2023Q4 BS...
2026-04-12 14:03:53,344 [INFO] Scraping 3491O 2023Q4 CF...
2026-04-12 14:04:10,226 [INFO] Scraping 3491O 2024Q1 IS...
2026-04-12 14:04:26,340 [INFO] Scraping 3491O 2024Q1 BS...
2026-04-12 14:04:42,452 [INFO] Scraping 3491O 2024Q1 CF...
2026-04-12 14:04:58,493 [INFO] Scraping 3491O 2024Q2 IS...
2026-04-12 14:05:14,277 [INFO] Scraping 3491O 2024Q2 BS...
2026-04-12 14:05:30,360 [INFO] Scraping 3491O 2024Q2 CF...
2026-04-12 14:05:46,168 [INFO] Scraping 3491O 2024Q3 IS...
2026-04-12 14:06:01,929 [INFO] Scraping 3491O 2024Q3 BS...
2026-04-12 14:06:18,059 [INFO] Scraping 3491O 2024Q3 CF...
2026-04-12 14:06:34,120 [INFO] Scraping 3491O 2024Q4 IS...
2026-04-12 14:06:50,191 [INFO] Scraping 3491O 2024Q4 BS...
2026-04-12 14:07:06,207 [INFO] Scraping 3491O 2024Q4 CF...
2026-04-12 14:07:22,122 [INFO] Scraping 3491O 2025Q1 IS...
2026-04-12 14:07:38,026 [INFO] Scraping 3491O 2025Q1 BS...
2026-04-12 14:07:53,924 [INFO] Scraping 3491O 2025Q1 CF...
2026-04-12 14:08:09,997 [INFO] Scraping 3491O 2025Q2 IS...
2026-04-12 14:08:25,985 [INFO] Scraping 3491O 2025Q2 BS...
2026-04-12 14:08:42,097 [INFO] Scraping 3491O 2025Q2 CF...
2026-04-12 14:08:58,197 [INFO] Scraping 3491O 2025Q3 IS...
2026-04-12 14:09:13,954 [INFO] Scraping 3491O 2025Q3 BS...
2026-04-12 14:09:29,710 [INFO] Scraping 3491O 2025Q3 CF...
2026-04-12 14:09:45,848 [INFO] Scraping 3491O 2025Q4 IS...
2026-04-12 14:10:01,786 [INFO] Scraping 3491O 2025Q4 BS...
2026-04-12 14:10:17,953 [INFO] Scraping 3491O 2025Q4 CF...
2026-04-12 14:10:34,215 [ERROR] No financial data found in local MySQL for 3491O. Please run the scraper first.
2026-04-12 14:10:36,713 [INFO] [Auto-Refresh] Triggered background update for 3491.TWO due to incomplete TTM data.
2026-04-12 14:11:11,717 [INFO] 單一更新 3491.TWO: 偵測到最後日期 2026-04-10，從 2026-04-11 開始抓取
2026-04-12 14:11:12,007 [INFO] 成功更新 stock_cost
2026-04-12 14:11:12,007 [INFO] 單一更新 3491.TWO 成功上傳 1 筆資料
2026-04-12 14:11:15,330 [INFO] 所有程序執行完畢。
2026-04-12 14:11:15,335 [INFO] Data for 3491O (tw) is stale or incomplete (Latest: 0, Count: 0, Target: 20254). Updating...
2026-04-12 14:11:15,335 [INFO] Incomplete TW stock data detected: 3491O (Count: 0). Fetching history...
2026-04-12 14:11:15,958 [INFO] Scraping 3491O 2023Q1 IS...
2026-04-12 14:11:32,293 [INFO] Scraping 3491O 2023Q1 BS...
2026-04-12 14:11:45,338 [WARNING] Financial data refresh timed out for 3491.TWO
2026-04-12 14:11:48,225 [INFO] Scraping 3491O 2023Q1 CF...
2026-04-12 14:12:04,306 [INFO] Scraping 3491O 2023Q2 IS...
2026-04-12 14:12:20,065 [INFO] Scraping 3491O 2023Q2 BS...
2026-04-12 14:12:36,015 [INFO] Scraping 3491O 2023Q2 CF...
2026-04-12 14:12:51,840 [INFO] Scraping 3491O 2023Q3 IS...
2026-04-12 14:13:07,941 [INFO] Scraping 3491O 2023Q3 BS...
2026-04-12 14:13:23,783 [INFO] Scraping 3491O 2023Q3 CF...
2026-04-12 14:13:39,899 [INFO] Scraping 3491O 2023Q4 IS...
2026-04-12 14:13:55,932 [INFO] Scraping 3491O 2023Q4 BS...
2026-04-12 14:14:11,932 [INFO] Scraping 3491O 2023Q4 CF...
2026-04-12 14:14:27,832 [INFO] Scraping 3491O 2024Q1 IS...
2026-04-12 14:14:43,626 [INFO] Scraping 3491O 2024Q1 BS...
2026-04-12 14:14:59,743 [INFO] Scraping 3491O 2024Q1 CF...
2026-04-12 14:15:15,909 [INFO] Scraping 3491O 2024Q2 IS...
2026-04-12 14:15:31,842 [INFO] Scraping 3491O 2024Q2 BS...
2026-04-12 14:15:47,593 [INFO] Scraping 3491O 2024Q2 CF...
2026-04-12 14:16:03,712 [INFO] Scraping 3491O 2024Q3 IS...
2026-04-12 14:16:19,692 [INFO] Scraping 3491O 2024Q3 BS...
2026-04-12 14:16:35,725 [INFO] Scraping 3491O 2024Q3 CF...
2026-04-12 14:16:51,428 [INFO] Scraping 3491O 2024Q4 IS...
2026-04-12 14:17:07,644 [INFO] Scraping 3491O 2024Q4 BS...
2026-04-12 14:17:23,751 [INFO] Scraping 3491O 2024Q4 CF...
2026-04-12 14:17:39,651 [INFO] Scraping 3491O 2025Q1 IS...
2026-04-12 14:17:55,501 [INFO] Scraping 3491O 2025Q1 BS...
2026-04-12 14:18:11,283 [INFO] Scraping 3491O 2025Q1 CF...
2026-04-12 14:18:27,426 [INFO] Scraping 3491O 2025Q2 IS...
2026-04-12 14:18:43,269 [INFO] Scraping 3491O 2025Q2 BS...
2026-04-12 14:18:59,378 [INFO] Scraping 3491O 2025Q2 CF...
2026-04-12 14:19:15,135 [INFO] Scraping 3491O 2025Q3 IS...
2026-04-12 14:19:31,535 [INFO] Scraping 3491O 2025Q3 BS...
2026-04-12 14:19:47,501 [INFO] Scraping 3491O 2025Q3 CF...
2026-04-12 14:20:03,361 [INFO] Scraping 3491O 2025Q4 IS...
2026-04-12 14:20:19,296 [INFO] Scraping 3491O 2025Q4 BS...
2026-04-12 14:20:35,029 [INFO] Scraping 3491O 2025Q4 CF...
2026-04-12 14:21:56,899 [INFO] Successfully loaded 4044 financial items from local MySQL for 2330
2026-04-12 14:21:56,943 [INFO] Successfully loaded 4044 financial items from local MySQL for 2330
2026-04-12 14:21:56,983 [INFO] Successfully loaded 4044 financial items from local MySQL for 2330
2026-04-12 14:22:03,130 [INFO] Fetching WACC market data for 2330 from local DB...
2026-04-12 14:22:09,544 [INFO] Successfully loaded 4044 financial items from local MySQL for 2330
2026-04-12 14:22:09,591 [INFO] Successfully loaded 4044 financial items from local MySQL for 2330
2026-04-12 14:22:09,635 [INFO] Successfully loaded 4044 financial items from local MySQL for 2330
2026-04-12 14:22:09,675 [INFO] Successfully loaded 4044 financial items from local MySQL for 2330
2026-04-12 22:44:23,816 [WARNING] From C:\Users\許廷宇\AppData\Roaming\Python\Python311\site-packages\tf_keras\src\losses.py:2976: The name tf.losses.sparse_softmax_cross_entropy is deprecated. Please use tf.compat.v1.losses.sparse_softmax_cross_entropy instead.

2026-04-12 22:44:24,450 [WARNING] From C:\Users\許廷宇\AppData\Roaming\Python\Python311\site-packages\ckiptagger\api.py:11: The name tf.logging.set_verbosity is deprecated. Please use tf.compat.v1.logging.set_verbosity instead.

2026-04-12 22:44:24,455 [INFO] 正在從 E:/Infinity/webbug/final_model_stock_news_BERT_1k 載入 BERT 模型 (設備: cpu)...
2026-04-12 22:44:24,753 [INFO] 正在載入 CKIP Tagger 模型...
2026-04-12 22:44:32,584 [INFO] NLP 服務初始化完成。
2026-04-12 22:45:01,069 [INFO] 已輪替 User-Agent: Mozilla/5.0 (Windows NT 10.0; ...
2026-04-12 22:45:38,138 [INFO] Successfully loaded 4044 financial items from local MySQL for 2330
2026-04-12 22:45:38,185 [INFO] Successfully loaded 4044 financial items from local MySQL for 2330
2026-04-12 22:45:38,238 [INFO] Successfully loaded 4044 financial items from local MySQL for 2330
2026-04-12 22:45:45,346 [INFO] Fetching WACC market data for 2330 from local DB...
2026-04-12 22:45:52,570 [INFO] Successfully loaded 4044 financial items from local MySQL for 2330
2026-04-12 22:45:52,625 [INFO] Successfully loaded 4044 financial items from local MySQL for 2330
2026-04-12 22:45:52,683 [INFO] Successfully loaded 4044 financial items from local MySQL for 2330
2026-04-12 22:45:52,731 [INFO] Successfully loaded 4044 financial items from local MySQL for 2330
2026-04-12 23:24:34,916 [WARNING] From C:\Users\許廷宇\AppData\Roaming\Python\Python311\site-packages\tf_keras\src\losses.py:2976: The name tf.losses.sparse_softmax_cross_entropy is deprecated. Please use tf.compat.v1.losses.sparse_softmax_cross_entropy instead.

2026-04-12 23:24:35,709 [WARNING] From C:\Users\許廷宇\AppData\Roaming\Python\Python311\site-packages\ckiptagger\api.py:11: The name tf.logging.set_verbosity is deprecated. Please use tf.compat.v1.logging.set_verbosity instead.

2026-04-12 23:24:35,714 [INFO] 正在從 E:/Infinity/webbug/final_model_stock_news_BERT_1k 載入 BERT 模型 (設備: cpu)...
2026-04-12 23:24:36,025 [INFO] 正在載入 CKIP Tagger 模型...
2026-04-12 23:24:44,731 [INFO] NLP 服務初始化完成。
2026-04-12 23:25:58,440 [INFO] 已輪替 User-Agent: Mozilla/5.0 (Windows NT 10.0; ...
2026-04-12 23:26:36,370 [INFO] Final MarketCap for 2330.TW: 51865049000000.0
2026-04-12 23:26:36,451 [INFO] Successfully loaded 4044 financial items from local MySQL for 2330
2026-04-12 23:26:36,506 [INFO] Successfully loaded 4044 financial items from local MySQL for 2330
2026-04-12 23:26:36,556 [INFO] Successfully loaded 4044 financial items from local MySQL for 2330
2026-04-12 23:26:43,768 [INFO] Fetching WACC market data for 2330 from local DB...
2026-04-12 23:26:51,471 [INFO] Successfully loaded 4044 financial items from local MySQL for 2330
2026-04-12 23:26:51,555 [INFO] Successfully loaded 4044 financial items from local MySQL for 2330
2026-04-12 23:26:51,636 [INFO] Successfully loaded 4044 financial items from local MySQL for 2330
2026-04-12 23:26:51,717 [INFO] Successfully loaded 4044 financial items from local MySQL for 2330
2026-04-12 23:39:00,154 [WARNING] From C:\Users\許廷宇\AppData\Roaming\Python\Python311\site-packages\tf_keras\src\losses.py:2976: The name tf.losses.sparse_softmax_cross_entropy is deprecated. Please use tf.compat.v1.losses.sparse_softmax_cross_entropy instead.

2026-04-12 23:39:01,101 [WARNING] From C:\Users\許廷宇\AppData\Roaming\Python\Python311\site-packages\ckiptagger\api.py:11: The name tf.logging.set_verbosity is deprecated. Please use tf.compat.v1.logging.set_verbosity instead.

2026-04-12 23:39:01,105 [INFO] 正在從 E:/Infinity/webbug/final_model_stock_news_BERT_1k 載入 BERT 模型 (設備: cpu)...
2026-04-12 23:39:01,389 [INFO] 正在載入 CKIP Tagger 模型...
2026-04-12 23:39:01,946 [WARNING] From C:\Users\許廷宇\AppData\Roaming\Python\Python311\site-packages\tf_keras\src\losses.py:2976: The name tf.losses.sparse_softmax_cross_entropy is deprecated. Please use tf.compat.v1.losses.sparse_softmax_cross_entropy instead.

2026-04-12 23:39:02,988 [WARNING] From C:\Users\許廷宇\AppData\Roaming\Python\Python311\site-packages\ckiptagger\api.py:11: The name tf.logging.set_verbosity is deprecated. Please use tf.compat.v1.logging.set_verbosity instead.

2026-04-12 23:39:02,992 [INFO] 正在從 E:/Infinity/webbug/final_model_stock_news_BERT_1k 載入 BERT 模型 (設備: cpu)...
2026-04-12 23:39:03,281 [INFO] 正在載入 CKIP Tagger 模型...
2026-04-12 23:39:10,764 [INFO] NLP 服務初始化完成。
2026-04-12 23:39:12,468 [INFO] NLP 服務初始化完成。
2026-04-12 23:39:43,294 [WARNING] Not Found: /favicon.ico
2026-04-12 23:39:59,402 [INFO] 已輪替 User-Agent: Mozilla/5.0 (Windows NT 10.0; ...
2026-04-12 23:40:36,581 [INFO] Final MarketCap for 2330.TW: 51865049000000.0
2026-04-12 23:40:36,653 [INFO] Successfully loaded 4044 financial items from local MySQL for 2330
2026-04-12 23:40:36,695 [INFO] Successfully loaded 4044 financial items from local MySQL for 2330
2026-04-12 23:40:36,737 [INFO] Successfully loaded 4044 financial items from local MySQL for 2330
2026-04-12 23:40:43,136 [INFO] Fetching WACC market data for 2330 from local DB...
2026-04-12 23:40:49,751 [INFO] Successfully loaded 4044 financial items from local MySQL for 2330
2026-04-12 23:40:49,800 [INFO] Successfully loaded 4044 financial items from local MySQL for 2330
2026-04-12 23:40:49,842 [INFO] Successfully loaded 4044 financial items from local MySQL for 2330
2026-04-12 23:40:49,884 [INFO] Successfully loaded 4044 financial items from local MySQL for 2330
2026-04-12 23:54:22,725 [INFO] E:\Infinity\mydjango\demo\stock_Django\services.py changed, reloading.
2026-04-12 23:54:22,941 [INFO] E:\Infinity\mydjango\demo\stock_Django\services.py changed, reloading.
2026-04-12 23:55:02,035 [WARNING] From C:\Users\許廷宇\AppData\Roaming\Python\Python311\site-packages\tf_keras\src\losses.py:2976: The name tf.losses.sparse_softmax_cross_entropy is deprecated. Please use tf.compat.v1.losses.sparse_softmax_cross_entropy instead.

2026-04-12 23:55:02,069 [WARNING] From C:\Users\許廷宇\AppData\Roaming\Python\Python311\site-packages\tf_keras\src\losses.py:2976: The name tf.losses.sparse_softmax_cross_entropy is deprecated. Please use tf.compat.v1.losses.sparse_softmax_cross_entropy instead.

2026-04-12 23:55:03,350 [WARNING] From C:\Users\許廷宇\AppData\Roaming\Python\Python311\site-packages\ckiptagger\api.py:11: The name tf.logging.set_verbosity is deprecated. Please use tf.compat.v1.logging.set_verbosity instead.

2026-04-12 23:55:03,361 [WARNING] From C:\Users\許廷宇\AppData\Roaming\Python\Python311\site-packages\ckiptagger\api.py:11: The name tf.logging.set_verbosity is deprecated. Please use tf.compat.v1.logging.set_verbosity instead.

2026-04-12 23:55:03,363 [INFO] 正在從 E:/Infinity/webbug/final_model_stock_news_BERT_1k 載入 BERT 模型 (設備: cpu)...
2026-04-12 23:55:03,366 [INFO] 正在從 E:/Infinity/webbug/final_model_stock_news_BERT_1k 載入 BERT 模型 (設備: cpu)...
2026-04-12 23:55:03,794 [INFO] 正在載入 CKIP Tagger 模型...
2026-04-12 23:55:03,821 [INFO] 正在載入 CKIP Tagger 模型...
2026-04-12 23:55:37,578 [INFO] NLP 服務初始化完成。
2026-04-12 23:56:21,276 [INFO] E:\Infinity\mydjango\demo\stock_Django\services.py changed, reloading.
2026-04-12 23:56:21,496 [INFO] E:\Infinity\mydjango\demo\stock_Django\services.py changed, reloading.
2026-04-12 23:56:39,718 [WARNING] From C:\Users\許廷宇\AppData\Roaming\Python\Python311\site-packages\tf_keras\src\losses.py:2976: The name tf.losses.sparse_softmax_cross_entropy is deprecated. Please use tf.compat.v1.losses.sparse_softmax_cross_entropy instead.

2026-04-12 23:56:39,845 [WARNING] From C:\Users\許廷宇\AppData\Roaming\Python\Python311\site-packages\tf_keras\src\losses.py:2976: The name tf.losses.sparse_softmax_cross_entropy is deprecated. Please use tf.compat.v1.losses.sparse_softmax_cross_entropy instead.

2026-04-12 23:56:40,822 [WARNING] From C:\Users\許廷宇\AppData\Roaming\Python\Python311\site-packages\ckiptagger\api.py:11: The name tf.logging.set_verbosity is deprecated. Please use tf.compat.v1.logging.set_verbosity instead.

2026-04-12 23:56:40,826 [INFO] 正在從 E:/Infinity/webbug/final_model_stock_news_BERT_1k 載入 BERT 模型 (設備: cpu)...
2026-04-12 23:56:40,922 [WARNING] From C:\Users\許廷宇\AppData\Roaming\Python\Python311\site-packages\ckiptagger\api.py:11: The name tf.logging.set_verbosity is deprecated. Please use tf.compat.v1.logging.set_verbosity instead.

2026-04-12 23:56:40,927 [INFO] 正在從 E:/Infinity/webbug/final_model_stock_news_BERT_1k 載入 BERT 模型 (設備: cpu)...
2026-04-12 23:56:41,163 [INFO] 正在載入 CKIP Tagger 模型...
2026-04-12 23:56:41,261 [INFO] 正在載入 CKIP Tagger 模型...
2026-04-12 23:56:41,651 [WARNING] From C:\Users\許廷宇\AppData\Roaming\Python\Python311\site-packages\tf_keras\src\losses.py:2976: The name tf.losses.sparse_softmax_cross_entropy is deprecated. Please use tf.compat.v1.losses.sparse_softmax_cross_entropy instead.

2026-04-12 23:56:42,944 [WARNING] From C:\Users\許廷宇\AppData\Roaming\Python\Python311\site-packages\ckiptagger\api.py:11: The name tf.logging.set_verbosity is deprecated. Please use tf.compat.v1.logging.set_verbosity instead.

2026-04-12 23:56:42,950 [INFO] 正在從 E:/Infinity/webbug/final_model_stock_news_BERT_1k 載入 BERT 模型 (設備: cpu)...
2026-04-12 23:56:43,318 [INFO] 正在載入 CKIP Tagger 模型...
2026-04-12 23:56:53,210 [INFO] NLP 服務初始化完成。
2026-04-12 23:56:53,472 [INFO] NLP 服務初始化完成。
2026-04-12 23:56:55,039 [INFO] NLP 服務初始化完成。
2026-04-12 23:57:05,239 [WARNING] Not Found: /favicon.ico
2026-04-12 23:57:15,551 [INFO] 已輪替 User-Agent: Mozilla/5.0 (Windows NT 10.0; ...
2026-04-12 23:57:53,106 [INFO] Verified MarketCap for 2330.TW: 51865049000000.0 (Shares: 25932524500.0)
2026-04-12 23:57:53,180 [INFO] Successfully loaded 4044 financial items from local MySQL for 2330
2026-04-12 23:57:53,221 [INFO] Successfully loaded 4044 financial items from local MySQL for 2330
2026-04-12 23:57:53,262 [INFO] Successfully loaded 4044 financial items from local MySQL for 2330
2026-04-12 23:57:59,678 [INFO] Fetching WACC market data for 2330 from local DB...
2026-04-12 23:58:06,195 [INFO] Successfully loaded 4044 financial items from local MySQL for 2330
2026-04-12 23:58:06,245 [INFO] Successfully loaded 4044 financial items from local MySQL for 2330
2026-04-12 23:58:06,293 [INFO] Successfully loaded 4044 financial items from local MySQL for 2330
2026-04-12 23:58:06,342 [INFO] Successfully loaded 4044 financial items from local MySQL for 2330
2026-04-12 23:59:24,833 [ERROR] HTTP Error 404: {"quoteSummary":{"result":null,"error":{"code":"Not Found","description":"Quote not found for symbol: 23302330.TW"}}}
2026-04-12 23:59:25,359 [ERROR] $23302330.TW: possibly delisted; no price data found  (period=120d) (Yahoo error = "No data found, symbol may be delisted")
2026-04-12 23:59:25,361 [INFO] Trying OTC fallback for 23302330.TWO
2026-04-12 23:59:26,227 [ERROR] HTTP Error 404: {"quoteSummary":{"result":null,"error":{"code":"Not Found","description":"Quote not found for symbol: 23302330.TWO"}}}
2026-04-12 23:59:26,756 [ERROR] $23302330.TWO: possibly delisted; no price data found  (period=120d) (Yahoo error = "No data found, symbol may be delisted")
2026-04-12 23:59:33,339 [INFO] [Freshness] 23302330.TW data needs refresh: OHLCV stale (last: None). Triggering background refresh.
2026-04-12 23:59:33,345 [INFO] AI Prediction Cache Miss for 23302330.TW. Running model inference...
2026-04-13 00:00:12,363 [INFO] 單一更新 23302330.TW: 資料庫無紀錄，採用 max 模式
2026-04-13 00:00:12,366 [ERROR] $23302330.TW: possibly delisted; no timezone found
2026-04-13 00:00:12,367 [ERROR] 
1 Failed download:
2026-04-13 00:00:12,367 [ERROR] ['23302330.TW']: possibly delisted; no timezone found
2026-04-13 00:00:13,162 [INFO] Trying TWSE Direct Fallback for 23302330.TW
2026-04-13 00:00:13,305 [ERROR] All price sources failed for ['23302330.TW'].
2026-04-13 00:00:13,306 [WARNING] 單一更新 23302330.TW 抓取失敗或無新資料
2026-04-13 00:00:14,230 [ERROR] Cannot find price data for 23302330.TW in DB.
2026-04-13 00:00:14,620 [ERROR] HTTP Error 404: {"quoteSummary":{"result":null,"error":{"code":"Not Found","description":"Quote not found for symbol: 23302330.TW"}}}
2026-04-13 00:00:19,811 [INFO] 正在展開 2026-04-13 並偵測渲染...
2026-04-13 00:00:35,322 [INFO] 2026-04-13 證交所無資料，跳過。
2026-04-13 00:00:37,498 [INFO] 所有程序執行完畢。
2026-04-13 00:00:37,511 [INFO] Data for 23302330 (tw) is stale or incomplete (Latest: 0, Count: 0, Target: 20254). Updating...
2026-04-13 00:00:37,930 [INFO] Incomplete TW stock data detected: 23302330 (Count: 0). Fetching history...
2026-04-13 00:00:40,548 [INFO] Scraping 23302330 2023Q1 IS...
2026-04-13 00:00:56,891 [INFO] Scraping 23302330 2023Q1 BS...
2026-04-13 00:01:03,284 [INFO] Data for 23302330 (tw) is stale or incomplete (Latest: 0, Count: 0, Target: 20254). Updating...
2026-04-13 00:01:03,284 [INFO] Incomplete TW stock data detected: 23302330 (Count: 0). Fetching history...
2026-04-13 00:01:03,987 [INFO] Scraping 23302330 2023Q1 IS...
2026-04-13 00:01:07,502 [WARNING] Financial data refresh timed out for 23302330.TW
2026-04-13 00:01:13,622 [INFO] Scraping 23302330 2023Q1 CF...
2026-04-13 00:01:20,092 [INFO] Scraping 23302330 2023Q1 BS...
2026-04-13 00:01:29,465 [INFO] Scraping 23302330 2023Q2 IS...
2026-04-13 00:01:36,221 [INFO] Scraping 23302330 2023Q1 CF...
2026-04-13 00:01:45,660 [INFO] Scraping 23302330 2023Q2 BS...
2026-04-13 00:01:52,305 [INFO] Scraping 23302330 2023Q2 IS...
2026-04-13 00:02:01,521 [INFO] Scraping 23302330 2023Q2 CF...
2026-04-13 00:02:08,295 [INFO] Scraping 23302330 2023Q2 BS...
2026-04-13 00:02:17,420 [INFO] Scraping 23302330 2023Q3 IS...
2026-04-13 00:02:24,432 [INFO] Scraping 23302330 2023Q2 CF...
2026-04-13 00:02:33,533 [INFO] Scraping 23302330 2023Q3 BS...
2026-04-13 00:02:40,686 [INFO] Scraping 23302330 2023Q3 IS...
2026-04-13 00:02:50,425 [INFO] Scraping 23302330 2023Q3 CF...
2026-04-13 00:02:56,705 [INFO] Scraping 23302330 2023Q3 BS...
2026-04-13 00:03:06,535 [INFO] Scraping 23302330 2023Q4 IS...
2026-04-13 00:03:12,796 [INFO] Scraping 23302330 2023Q3 CF...
2026-04-13 00:03:22,603 [INFO] Scraping 23302330 2023Q4 BS...
2026-04-13 00:03:28,639 [INFO] Scraping 23302330 2023Q4 IS...
2026-04-13 00:03:38,579 [INFO] Scraping 23302330 2023Q4 CF...
2026-04-13 00:03:44,539 [INFO] Scraping 23302330 2023Q4 BS...
2026-04-13 00:03:54,667 [INFO] Scraping 23302330 2024Q1 IS...
2026-04-13 00:04:00,784 [INFO] Scraping 23302330 2023Q4 CF...
2026-04-13 00:04:10,555 [INFO] Scraping 23302330 2024Q1 BS...
2026-04-13 00:04:16,778 [INFO] Scraping 23302330 2024Q1 IS...
2026-04-13 00:04:26,954 [INFO] Scraping 23302330 2024Q1 CF...
2026-04-13 00:04:32,948 [INFO] Scraping 23302330 2024Q1 BS...
2026-04-13 00:04:43,321 [INFO] Scraping 23302330 2024Q2 IS...
2026-04-13 00:04:49,006 [INFO] Scraping 23302330 2024Q1 CF...
2026-04-13 00:05:00,106 [INFO] Scraping 23302330 2024Q2 BS...
2026-04-13 00:05:04,929 [INFO] Scraping 23302330 2024Q2 IS...
2026-04-13 00:05:16,225 [INFO] Scraping 23302330 2024Q2 CF...
2026-04-13 00:05:20,821 [INFO] Scraping 23302330 2024Q2 BS...
2026-04-13 00:05:32,421 [INFO] Scraping 23302330 2024Q3 IS...
2026-04-13 00:05:37,192 [INFO] Scraping 23302330 2024Q2 CF...
2026-04-13 00:05:48,274 [INFO] Scraping 23302330 2024Q3 BS...
2026-04-13 00:05:53,228 [INFO] Scraping 23302330 2024Q3 IS...
2026-04-13 00:06:04,284 [INFO] Scraping 23302330 2024Q3 CF...
2026-04-13 00:06:09,479 [INFO] Scraping 23302330 2024Q3 BS...
2026-04-13 00:06:20,396 [INFO] Scraping 23302330 2024Q4 IS...
2026-04-13 00:06:25,564 [INFO] Scraping 23302330 2024Q3 CF...
2026-04-13 00:06:36,376 [INFO] Scraping 23302330 2024Q4 BS...
2026-04-13 00:06:41,734 [INFO] Scraping 23302330 2024Q4 IS...
2026-04-13 00:06:52,441 [INFO] Scraping 23302330 2024Q4 CF...
2026-04-13 00:06:57,949 [INFO] Scraping 23302330 2024Q4 BS...
2026-04-13 00:07:08,613 [INFO] Scraping 23302330 2025Q1 IS...
2026-04-13 00:07:14,160 [INFO] Scraping 23302330 2024Q4 CF...
2026-04-13 00:07:24,729 [INFO] Scraping 23302330 2025Q1 BS...
2026-04-13 00:07:30,488 [INFO] Scraping 23302330 2025Q1 IS...
2026-04-13 00:07:30,521 [ERROR] Error 23302330 2025Q1 IS: Page.goto: net::ERR_CONNECTION_FAILED at https://mopsov.twse.com.tw/mops/web/t164sb04
Call log:
  - navigating to "https://mopsov.twse.com.tw/mops/web/t164sb04", waiting until "domcontentloaded"

2026-04-13 00:07:32,544 [INFO] Scraping 23302330 2025Q1 BS...
2026-04-13 00:07:40,843 [INFO] Scraping 23302330 2025Q1 CF...
2026-04-13 00:07:48,762 [INFO] Scraping 23302330 2025Q1 CF...
2026-04-13 00:07:56,675 [INFO] Scraping 23302330 2025Q2 IS...
2026-04-13 00:08:04,977 [INFO] Scraping 23302330 2025Q2 IS...
2026-04-13 00:08:12,534 [INFO] Scraping 23302330 2025Q2 BS...
2026-04-13 00:08:20,873 [INFO] Scraping 23302330 2025Q2 BS...
2026-04-13 00:08:28,721 [INFO] Scraping 23302330 2025Q2 CF...
2026-04-13 00:08:36,780 [INFO] Scraping 23302330 2025Q2 CF...
2026-04-13 00:08:44,827 [INFO] Scraping 23302330 2025Q3 IS...
2026-04-13 00:08:52,957 [INFO] Scraping 23302330 2025Q3 IS...
2026-04-13 00:09:01,021 [INFO] Scraping 23302330 2025Q3 BS...
2026-04-13 00:09:08,842 [INFO] Scraping 23302330 2025Q3 BS...
2026-04-13 00:09:17,272 [INFO] Scraping 23302330 2025Q3 CF...
2026-04-13 00:09:24,969 [INFO] Scraping 23302330 2025Q3 CF...
2026-04-13 00:09:33,308 [INFO] Scraping 23302330 2025Q4 IS...
2026-04-13 00:09:40,961 [INFO] Scraping 23302330 2025Q4 IS...
2026-04-13 00:09:49,357 [INFO] Scraping 23302330 2025Q4 BS...
2026-04-13 00:09:57,204 [INFO] Scraping 23302330 2025Q4 BS...
2026-04-13 00:10:05,497 [INFO] Scraping 23302330 2025Q4 CF...
2026-04-13 00:10:13,458 [INFO] Scraping 23302330 2025Q4 CF...
2026-04-13 00:10:29,516 [ERROR] No financial data found in local MySQL for 23302330. Please run the scraper first.
2026-04-13 00:10:31,756 [INFO] [Auto-Refresh] Triggered background update for 23302330.TW due to incomplete TTM data.
2026-04-13 00:11:05,295 [INFO] 單一更新 23302330.TW: 資料庫無紀錄，採用 max 模式
2026-04-13 00:11:05,297 [ERROR] $23302330.TW: possibly delisted; no timezone found
2026-04-13 00:11:05,298 [ERROR] 
1 Failed download:
2026-04-13 00:11:05,298 [ERROR] ['23302330.TW']: possibly delisted; no timezone found
2026-04-13 00:11:05,651 [INFO] Trying TWSE Direct Fallback for 23302330.TW
2026-04-13 00:11:05,745 [ERROR] All price sources failed for ['23302330.TW'].
2026-04-13 00:11:05,745 [WARNING] 單一更新 23302330.TW 抓取失敗或無新資料
2026-04-13 00:11:28,220 [ERROR] ❌ 2026-04-13 異常: Message: 

2026-04-13 00:11:35,347 [INFO] 所有程序執行完畢。
2026-04-13 00:11:35,352 [INFO] Data for 23302330 (tw) is stale or incomplete (Latest: 0, Count: 0, Target: 20254). Updating...
2026-04-13 00:11:35,353 [INFO] Incomplete TW stock data detected: 23302330 (Count: 0). Fetching history...
2026-04-13 00:11:36,088 [INFO] Scraping 23302330 2023Q1 IS...
2026-04-13 00:11:52,069 [INFO] Scraping 23302330 2023Q1 BS...
2026-04-13 00:12:05,355 [WARNING] Financial data refresh timed out for 23302330.TW
2026-04-13 00:12:08,315 [INFO] Scraping 23302330 2023Q1 CF...
2026-04-13 00:12:24,627 [INFO] Scraping 23302330 2023Q2 IS...
2026-04-13 00:12:40,693 [INFO] Scraping 23302330 2023Q2 BS...
2026-04-13 00:12:56,627 [INFO] Scraping 23302330 2023Q2 CF...
2026-04-13 00:13:12,695 [INFO] Scraping 23302330 2023Q3 IS...
2026-04-13 00:13:28,839 [INFO] Scraping 23302330 2023Q3 BS...
2026-04-13 00:13:44,805 [INFO] Scraping 23302330 2023Q3 CF...
2026-04-13 00:14:01,105 [INFO] Scraping 23302330 2023Q4 IS...
2026-04-13 00:14:17,140 [INFO] Scraping 23302330 2023Q4 BS...
2026-04-13 00:14:33,292 [INFO] Scraping 23302330 2023Q4 CF...
2026-04-13 00:14:49,557 [INFO] Scraping 23302330 2024Q1 IS...
2026-04-13 00:15:05,537 [INFO] Scraping 23302330 2024Q1 BS...
2026-04-13 00:15:08,073 [INFO] E:\Infinity\mydjango\demo\stock_Django\services.py changed, reloading.
2026-04-13 00:15:08,505 [INFO] E:\Infinity\mydjango\demo\stock_Django\services.py changed, reloading.
2026-04-13 00:15:08,553 [INFO] E:\Infinity\mydjango\demo\stock_Django\services.py changed, reloading.
2026-04-13 00:15:21,768 [INFO] Scraping 23302330 2024Q1 CF...
2026-04-13 00:15:23,086 [WARNING] From C:\Users\許廷宇\AppData\Roaming\Python\Python311\site-packages\tf_keras\src\losses.py:2976: The name tf.losses.sparse_softmax_cross_entropy is deprecated. Please use tf.compat.v1.losses.sparse_softmax_cross_entropy instead.

2026-04-13 00:15:23,152 [WARNING] From C:\Users\許廷宇\AppData\Roaming\Python\Python311\site-packages\tf_keras\src\losses.py:2976: The name tf.losses.sparse_softmax_cross_entropy is deprecated. Please use tf.compat.v1.losses.sparse_softmax_cross_entropy instead.

2026-04-13 00:15:23,915 [WARNING] From C:\Users\許廷宇\AppData\Roaming\Python\Python311\site-packages\ckiptagger\api.py:11: The name tf.logging.set_verbosity is deprecated. Please use tf.compat.v1.logging.set_verbosity instead.

2026-04-13 00:15:23,919 [INFO] 正在從 E:/Infinity/webbug/final_model_stock_news_BERT_1k 載入 BERT 模型 (設備: cpu)...
2026-04-13 00:15:24,025 [WARNING] From C:\Users\許廷宇\AppData\Roaming\Python\Python311\site-packages\ckiptagger\api.py:11: The name tf.logging.set_verbosity is deprecated. Please use tf.compat.v1.logging.set_verbosity instead.

2026-04-13 00:15:24,025 [INFO] 正在從 E:/Infinity/webbug/final_model_stock_news_BERT_1k 載入 BERT 模型 (設備: cpu)...
2026-04-13 00:15:24,220 [INFO] 正在載入 CKIP Tagger 模型...
2026-04-13 00:15:24,322 [INFO] 正在載入 CKIP Tagger 模型...
2026-04-13 00:15:34,603 [INFO] NLP 服務初始化完成。
2026-04-13 00:15:34,613 [INFO] NLP 服務初始化完成。
2026-04-13 00:15:37,841 [INFO] Scraping 23302330 2024Q2 IS...
2026-04-13 00:15:53,985 [INFO] Scraping 23302330 2024Q2 BS...
2026-04-13 00:16:09,975 [INFO] Scraping 23302330 2024Q2 CF...
2026-04-13 00:16:25,843 [INFO] Scraping 23302330 2024Q3 IS...
2026-04-13 00:16:41,842 [INFO] Scraping 23302330 2024Q3 BS...
2026-04-13 00:16:58,155 [INFO] Scraping 23302330 2024Q3 CF...
2026-04-13 00:17:14,263 [INFO] Scraping 23302330 2024Q4 IS...
2026-04-13 00:17:30,233 [INFO] Scraping 23302330 2024Q4 BS...
2026-04-13 00:17:46,332 [INFO] Scraping 23302330 2024Q4 CF...
2026-04-13 00:18:02,516 [INFO] Scraping 23302330 2025Q1 IS...
2026-04-13 00:18:18,843 [INFO] Scraping 23302330 2025Q1 BS...
2026-04-13 00:18:35,228 [INFO] Scraping 23302330 2025Q1 CF...
2026-04-13 00:18:51,265 [INFO] Scraping 23302330 2025Q2 IS...
2026-04-13 00:19:07,427 [INFO] Scraping 23302330 2025Q2 BS...
2026-04-13 00:19:23,594 [INFO] Scraping 23302330 2025Q2 CF...
2026-04-13 00:19:39,643 [INFO] Scraping 23302330 2025Q3 IS...
2026-04-13 00:19:55,761 [INFO] Scraping 23302330 2025Q3 BS...
2026-04-13 00:20:11,690 [INFO] Scraping 23302330 2025Q3 CF...
2026-04-13 00:20:27,928 [INFO] Scraping 23302330 2025Q4 IS...
2026-04-13 00:20:44,062 [INFO] Scraping 23302330 2025Q4 BS...
2026-04-13 00:21:00,042 [INFO] Scraping 23302330 2025Q4 CF...
2026-04-13 00:21:30,043 [WARNING] From C:\Users\許廷宇\AppData\Roaming\Python\Python311\site-packages\tf_keras\src\losses.py:2976: The name tf.losses.sparse_softmax_cross_entropy is deprecated. Please use tf.compat.v1.losses.sparse_softmax_cross_entropy instead.

2026-04-13 00:21:30,731 [WARNING] From C:\Users\許廷宇\AppData\Roaming\Python\Python311\site-packages\ckiptagger\api.py:11: The name tf.logging.set_verbosity is deprecated. Please use tf.compat.v1.logging.set_verbosity instead.

2026-04-13 00:21:30,736 [INFO] 正在從 E:/Infinity/webbug/final_model_stock_news_BERT_1k 載入 BERT 模型 (設備: cpu)...
2026-04-13 00:21:31,009 [INFO] 正在載入 CKIP Tagger 模型...
2026-04-13 00:21:39,659 [INFO] NLP 服務初始化完成。
2026-04-13 00:26:34,735 [INFO] 已輪替 User-Agent: Mozilla/5.0 (Macintosh; Intel ...
2026-04-13 00:26:56,553 [INFO] AI Prediction Cache Miss for 2330.TW. Running model inference...
2026-04-13 00:27:57,670 [ERROR] AI Model Inference failed for 2330.TW: Could not interpret optimizer identifier: <tf_keras.src.optimizers.adam.Adam object at 0x00000250B197F0D0>
2026-04-13 00:28:09,585 [INFO] Verified MarketCap for 2330.TW: 51865049000000.0 (Shares: 25932524500.0)
2026-04-13 00:28:09,658 [INFO] Successfully loaded 4044 financial items from local MySQL for 2330
2026-04-13 00:28:09,703 [INFO] Successfully loaded 4044 financial items from local MySQL for 2330
2026-04-13 00:28:09,744 [INFO] Successfully loaded 4044 financial items from local MySQL for 2330
2026-04-13 00:28:15,848 [INFO] Fetching WACC market data for 2330 from local DB...
2026-04-13 00:28:22,331 [INFO] Successfully loaded 4044 financial items from local MySQL for 2330
2026-04-13 00:28:22,389 [INFO] Successfully loaded 4044 financial items from local MySQL for 2330
2026-04-13 00:28:22,451 [INFO] Successfully loaded 4044 financial items from local MySQL for 2330
2026-04-13 00:28:22,510 [INFO] Successfully loaded 4044 financial items from local MySQL for 2330
2026-04-13 00:29:02,143 [INFO] AI Prediction Cache Miss for 2330.TW. Running model inference...
2026-04-13 00:30:03,556 [ERROR] AI Model Inference failed for 2330.TW: Could not interpret optimizer identifier: <tf_keras.src.optimizers.adam.Adam object at 0x00000250B10DAB10>
2026-04-13 00:30:14,886 [INFO] Verified MarketCap for 2330.TW: 51865049000000.0 (Shares: 25932524500.0)
2026-04-13 00:30:14,975 [INFO] Successfully loaded 4044 financial items from local MySQL for 2330
2026-04-13 00:30:15,030 [INFO] Successfully loaded 4044 financial items from local MySQL for 2330
2026-04-13 00:30:15,087 [INFO] Successfully loaded 4044 financial items from local MySQL for 2330
2026-04-13 00:30:21,247 [INFO] Fetching WACC market data for 2330 from local DB...
2026-04-13 00:30:27,280 [INFO] Successfully loaded 4044 financial items from local MySQL for 2330
2026-04-13 00:30:27,337 [INFO] Successfully loaded 4044 financial items from local MySQL for 2330
2026-04-13 00:30:27,393 [INFO] Successfully loaded 4044 financial items from local MySQL for 2330
2026-04-13 00:30:27,453 [INFO] Successfully loaded 4044 financial items from local MySQL for 2330
